<?xml version="1.0" encoding="UTF-8"?>
<!-- Generated by org.testng.reporters.JUnitXMLReporter -->
<testsuite ignored="0" hostname="TGC-VRGNR-054" failures="0" tests="2" name="Default test" time="0.089" errors="0" timestamp="31 Aug 2023 08:36:37 GMT">
  <testcase classname="testCases.TC_AddVideoGameDDT" name="test_addNewVideoGame" time="0.0">
    <skipped/>
  </testcase> <!-- test_addNewVideoGame -->
  <testcase classname="testCases.TC_AddVideoGameDDT" name="test_getVideoGame" time="0.0">
    <skipped/>
  </testcase> <!-- test_getVideoGame -->
</testsuite> <!-- Default test -->
